2023-09-17 18:17:45,508 [Worker-6: Loading available Gradle versions] INFO  o.e.b.c.i.u.g.PublishedGradleVersions - Gradle version information cache is out-of-date. Trying to update.
2023-09-17 18:20:14,690 [Worker-7: Launching New_configuration] INFO  o.eclipse.m2e.core.internal.Bundles - getClasspathEntries(Bundle=org.eclipse.m2e.maven.runtime_3.8.604.20221130-2149 [264])
2023-09-17 18:20:14,691 [Worker-7: Launching New_configuration] INFO  o.eclipse.m2e.core.internal.Bundles - 	Entry: /Users/elmo/.p2/pool/plugins/org.eclipse.m2e.maven.runtime_3.8.604.20221130-2149
2023-09-17 18:20:14,691 [Worker-7: Launching New_configuration] INFO  o.eclipse.m2e.core.internal.Bundles - 	Entry: /Users/elmo/.p2/pool/plugins/org.eclipse.m2e.maven.runtime_3.8.604.20221130-2149/jars/aether-connector-okhttp-0.17.8.jar
2023-09-17 18:20:14,691 [Worker-7: Launching New_configuration] INFO  o.eclipse.m2e.core.internal.Bundles - 	Entry: /Users/elmo/.p2/pool/plugins/org.eclipse.m2e.maven.runtime_3.8.604.20221130-2149/jars/commons-cli-1.4.jar
2023-09-17 18:20:14,691 [Worker-7: Launching New_configuration] INFO  o.eclipse.m2e.core.internal.Bundles - 	Entry: /Users/elmo/.p2/pool/plugins/org.eclipse.m2e.maven.runtime_3.8.604.20221130-2149/jars/commons-io-2.6.jar
2023-09-17 18:20:14,691 [Worker-7: Launching New_configuration] INFO  o.eclipse.m2e.core.internal.Bundles - 	Entry: /Users/elmo/.p2/pool/plugins/org.eclipse.m2e.maven.runtime_3.8.604.20221130-2149/jars/commons-lang3-3.8.1.jar
2023-09-17 18:20:14,691 [Worker-7: Launching New_configuration] INFO  o.eclipse.m2e.core.internal.Bundles - 	Entry: /Users/elmo/.p2/pool/plugins/org.eclipse.m2e.maven.runtime_3.8.604.20221130-2149/jars/guice-4.2.2-no_aop.jar
2023-09-17 18:20:14,691 [Worker-7: Launching New_configuration] INFO  o.eclipse.m2e.core.internal.Bundles - 	Entry: /Users/elmo/.p2/pool/plugins/org.eclipse.m2e.maven.runtime_3.8.604.20221130-2149/jars/jansi-2.4.0.jar
2023-09-17 18:20:14,691 [Worker-7: Launching New_configuration] INFO  o.eclipse.m2e.core.internal.Bundles - 	Entry: /Users/elmo/.p2/pool/plugins/org.eclipse.m2e.maven.runtime_3.8.604.20221130-2149/jars/maven-artifact-3.8.6.jar
2023-09-17 18:20:14,691 [Worker-7: Launching New_configuration] INFO  o.eclipse.m2e.core.internal.Bundles - 	Entry: /Users/elmo/.p2/pool/plugins/org.eclipse.m2e.maven.runtime_3.8.604.20221130-2149/jars/maven-builder-support-3.8.6.jar
2023-09-17 18:20:14,691 [Worker-7: Launching New_configuration] INFO  o.eclipse.m2e.core.internal.Bundles - 	Entry: /Users/elmo/.p2/pool/plugins/org.eclipse.m2e.maven.runtime_3.8.604.20221130-2149/jars/maven-compat-3.8.6.jar
2023-09-17 18:20:14,691 [Worker-7: Launching New_configuration] INFO  o.eclipse.m2e.core.internal.Bundles - 	Entry: /Users/elmo/.p2/pool/plugins/org.eclipse.m2e.maven.runtime_3.8.604.20221130-2149/jars/maven-core-3.8.6.jar
2023-09-17 18:20:14,691 [Worker-7: Launching New_configuration] INFO  o.eclipse.m2e.core.internal.Bundles - 	Entry: /Users/elmo/.p2/pool/plugins/org.eclipse.m2e.maven.runtime_3.8.604.20221130-2149/jars/maven-embedder-3.8.6.jar
2023-09-17 18:20:14,691 [Worker-7: Launching New_configuration] INFO  o.eclipse.m2e.core.internal.Bundles - 	Entry: /Users/elmo/.p2/pool/plugins/org.eclipse.m2e.maven.runtime_3.8.604.20221130-2149/jars/maven-model-3.8.6.jar
2023-09-17 18:20:14,691 [Worker-7: Launching New_configuration] INFO  o.eclipse.m2e.core.internal.Bundles - 	Entry: /Users/elmo/.p2/pool/plugins/org.eclipse.m2e.maven.runtime_3.8.604.20221130-2149/jars/maven-model-builder-3.8.6.jar
2023-09-17 18:20:14,691 [Worker-7: Launching New_configuration] INFO  o.eclipse.m2e.core.internal.Bundles - 	Entry: /Users/elmo/.p2/pool/plugins/org.eclipse.m2e.maven.runtime_3.8.604.20221130-2149/jars/maven-plugin-api-3.8.6.jar
2023-09-17 18:20:14,691 [Worker-7: Launching New_configuration] INFO  o.eclipse.m2e.core.internal.Bundles - 	Entry: /Users/elmo/.p2/pool/plugins/org.eclipse.m2e.maven.runtime_3.8.604.20221130-2149/jars/maven-repository-metadata-3.8.6.jar
2023-09-17 18:20:14,691 [Worker-7: Launching New_configuration] INFO  o.eclipse.m2e.core.internal.Bundles - 	Entry: /Users/elmo/.p2/pool/plugins/org.eclipse.m2e.maven.runtime_3.8.604.20221130-2149/jars/maven-resolver-api-1.6.3.jar
2023-09-17 18:20:14,691 [Worker-7: Launching New_configuration] INFO  o.eclipse.m2e.core.internal.Bundles - 	Entry: /Users/elmo/.p2/pool/plugins/org.eclipse.m2e.maven.runtime_3.8.604.20221130-2149/jars/maven-resolver-connector-basic-1.6.3.jar
2023-09-17 18:20:14,691 [Worker-7: Launching New_configuration] INFO  o.eclipse.m2e.core.internal.Bundles - 	Entry: /Users/elmo/.p2/pool/plugins/org.eclipse.m2e.maven.runtime_3.8.604.20221130-2149/jars/maven-resolver-impl-1.6.3.jar
2023-09-17 18:20:14,691 [Worker-7: Launching New_configuration] INFO  o.eclipse.m2e.core.internal.Bundles - 	Entry: /Users/elmo/.p2/pool/plugins/org.eclipse.m2e.maven.runtime_3.8.604.20221130-2149/jars/maven-resolver-provider-3.8.6.jar
2023-09-17 18:20:14,691 [Worker-7: Launching New_configuration] INFO  o.eclipse.m2e.core.internal.Bundles - 	Entry: /Users/elmo/.p2/pool/plugins/org.eclipse.m2e.maven.runtime_3.8.604.20221130-2149/jars/maven-resolver-spi-1.6.3.jar
2023-09-17 18:20:14,691 [Worker-7: Launching New_configuration] INFO  o.eclipse.m2e.core.internal.Bundles - 	Entry: /Users/elmo/.p2/pool/plugins/org.eclipse.m2e.maven.runtime_3.8.604.20221130-2149/jars/maven-resolver-transport-wagon-1.6.3.jar
2023-09-17 18:20:14,692 [Worker-7: Launching New_configuration] INFO  o.eclipse.m2e.core.internal.Bundles - 	Entry: /Users/elmo/.p2/pool/plugins/org.eclipse.m2e.maven.runtime_3.8.604.20221130-2149/jars/maven-resolver-util-1.6.3.jar
2023-09-17 18:20:14,692 [Worker-7: Launching New_configuration] INFO  o.eclipse.m2e.core.internal.Bundles - 	Entry: /Users/elmo/.p2/pool/plugins/org.eclipse.m2e.maven.runtime_3.8.604.20221130-2149/jars/maven-settings-3.8.6.jar
2023-09-17 18:20:14,692 [Worker-7: Launching New_configuration] INFO  o.eclipse.m2e.core.internal.Bundles - 	Entry: /Users/elmo/.p2/pool/plugins/org.eclipse.m2e.maven.runtime_3.8.604.20221130-2149/jars/maven-settings-builder-3.8.6.jar
2023-09-17 18:20:14,692 [Worker-7: Launching New_configuration] INFO  o.eclipse.m2e.core.internal.Bundles - 	Entry: /Users/elmo/.p2/pool/plugins/org.eclipse.m2e.maven.runtime_3.8.604.20221130-2149/jars/maven-shared-utils-3.3.4.jar
2023-09-17 18:20:14,692 [Worker-7: Launching New_configuration] INFO  o.eclipse.m2e.core.internal.Bundles - 	Entry: /Users/elmo/.p2/pool/plugins/org.eclipse.m2e.maven.runtime_3.8.604.20221130-2149/jars/okhttp-3.14.1.jar
2023-09-17 18:20:14,692 [Worker-7: Launching New_configuration] INFO  o.eclipse.m2e.core.internal.Bundles - 	Entry: /Users/elmo/.p2/pool/plugins/org.eclipse.m2e.maven.runtime_3.8.604.20221130-2149/jars/okio-1.17.3.jar
2023-09-17 18:20:14,692 [Worker-7: Launching New_configuration] INFO  o.eclipse.m2e.core.internal.Bundles - 	Entry: /Users/elmo/.p2/pool/plugins/org.eclipse.m2e.maven.runtime_3.8.604.20221130-2149/jars/org.eclipse.sisu.inject-0.3.5.jar
2023-09-17 18:20:14,692 [Worker-7: Launching New_configuration] INFO  o.eclipse.m2e.core.internal.Bundles - 	Entry: /Users/elmo/.p2/pool/plugins/org.eclipse.m2e.maven.runtime_3.8.604.20221130-2149/jars/org.eclipse.sisu.plexus-0.3.5.jar
2023-09-17 18:20:14,692 [Worker-7: Launching New_configuration] INFO  o.eclipse.m2e.core.internal.Bundles - 	Entry: /Users/elmo/.p2/pool/plugins/org.eclipse.m2e.maven.runtime_3.8.604.20221130-2149/jars/plexus-build-api-0.0.7.jar
2023-09-17 18:20:14,692 [Worker-7: Launching New_configuration] INFO  o.eclipse.m2e.core.internal.Bundles - 	Entry: /Users/elmo/.p2/pool/plugins/org.eclipse.m2e.maven.runtime_3.8.604.20221130-2149/jars/plexus-cipher-2.0.jar
2023-09-17 18:20:14,692 [Worker-7: Launching New_configuration] INFO  o.eclipse.m2e.core.internal.Bundles - 	Entry: /Users/elmo/.p2/pool/plugins/org.eclipse.m2e.maven.runtime_3.8.604.20221130-2149/jars/plexus-classworlds-2.6.0.jar
2023-09-17 18:20:14,692 [Worker-7: Launching New_configuration] INFO  o.eclipse.m2e.core.internal.Bundles - 	Entry: /Users/elmo/.p2/pool/plugins/org.eclipse.m2e.maven.runtime_3.8.604.20221130-2149/jars/plexus-component-annotations-2.1.0.jar
2023-09-17 18:20:14,692 [Worker-7: Launching New_configuration] INFO  o.eclipse.m2e.core.internal.Bundles - 	Entry: /Users/elmo/.p2/pool/plugins/org.eclipse.m2e.maven.runtime_3.8.604.20221130-2149/jars/plexus-interpolation-1.26.jar
2023-09-17 18:20:14,692 [Worker-7: Launching New_configuration] INFO  o.eclipse.m2e.core.internal.Bundles - 	Entry: /Users/elmo/.p2/pool/plugins/org.eclipse.m2e.maven.runtime_3.8.604.20221130-2149/jars/plexus-sec-dispatcher-2.0.jar
2023-09-17 18:20:14,692 [Worker-7: Launching New_configuration] INFO  o.eclipse.m2e.core.internal.Bundles - 	Entry: /Users/elmo/.p2/pool/plugins/org.eclipse.m2e.maven.runtime_3.8.604.20221130-2149/jars/plexus-utils-3.3.1.jar
2023-09-17 18:20:14,692 [Worker-7: Launching New_configuration] INFO  o.eclipse.m2e.core.internal.Bundles - 	Entry: /Users/elmo/.p2/pool/plugins/org.eclipse.m2e.maven.runtime_3.8.604.20221130-2149/jars/wagon-file-3.5.1.jar
2023-09-17 18:20:14,692 [Worker-7: Launching New_configuration] INFO  o.eclipse.m2e.core.internal.Bundles - 	Entry: /Users/elmo/.p2/pool/plugins/org.eclipse.m2e.maven.runtime_3.8.604.20221130-2149/jars/wagon-provider-api-3.5.1.jar
2023-09-17 18:20:14,692 [Worker-7: Launching New_configuration] INFO  o.eclipse.m2e.core.internal.Bundles - getClasspathEntries(Bundle=com.google.guava_30.1.0.v20221112-0806 [8])
2023-09-17 18:20:14,693 [Worker-7: Launching New_configuration] INFO  o.eclipse.m2e.core.internal.Bundles - 	Entry: /Users/elmo/.p2/pool/plugins/com.google.guava_30.1.0.v20221112-0806.jar
2023-09-17 18:20:14,693 [Worker-7: Launching New_configuration] INFO  o.eclipse.m2e.core.internal.Bundles - getClasspathEntries(Bundle=slf4j.api_1.7.36 [427])
2023-09-17 18:20:14,693 [Worker-7: Launching New_configuration] INFO  o.eclipse.m2e.core.internal.Bundles - 	Entry: /Users/elmo/.p2/pool/plugins/slf4j.api_1.7.36.jar
2023-09-17 18:20:14,693 [Worker-7: Launching New_configuration] INFO  o.eclipse.m2e.core.internal.Bundles - getClasspathEntries(Bundle=javax.inject_1.0.0.v20220405-0441 [18])
2023-09-17 18:20:14,693 [Worker-7: Launching New_configuration] INFO  o.eclipse.m2e.core.internal.Bundles - 	Entry: /Users/elmo/.p2/pool/plugins/javax.inject_1.0.0.v20220405-0441.jar
2023-09-17 18:20:14,693 [Worker-7: Launching New_configuration] INFO  o.eclipse.m2e.core.internal.Bundles - getClasspathEntries(Bundle=javax.annotation_1.3.5.v20221112-0806 [16])
2023-09-17 18:20:14,693 [Worker-7: Launching New_configuration] INFO  o.eclipse.m2e.core.internal.Bundles - 	Entry: /Users/elmo/.p2/pool/plugins/javax.annotation_1.3.5.v20221112-0806.jar
2023-09-17 18:20:14,694 [Worker-7: Launching New_configuration] INFO  o.e.m.i.launch.MavenLaunchDelegate - Run build in "/Users/elmo/koulu/ohjelmistotuotantoprojekti 1/04-JUnit-tehtävä/lausekattavuus":
2023-09-17 18:20:14,695 [Worker-7: Launching New_configuration] INFO  o.e.m.i.launch.MavenLaunchDelegate -  mvn  -B -Dstyle.color=always 
2023-09-17 19:17:32,807 [Worker-1: Loading available Gradle versions] INFO  o.e.b.c.i.u.g.PublishedGradleVersions - Gradle version information cache is up-to-date. Trying to read.
